<?xml version="1.0" encoding="UTF-8"?>
<testng-results ignored="0" total="0" passed="0" failed="0" skipped="0">
  <reporter-output>
  </reporter-output>
  <suite started-at="2025-02-11T07:57:13 SAST" name="Command line suite" finished-at="2025-02-11T07:57:13 SAST" duration-ms="14">
    <groups>
    </groups>
    <test started-at="2025-02-11T07:57:13 SAST" name="Command line test" finished-at="2025-02-11T07:57:13 SAST" duration-ms="14">
    </test> <!-- Command line test -->
  </suite> <!-- Command line suite -->
</testng-results>
